<?xml version="1.0" encoding="UTF-8"?>
<testng-results ignored="0" total="1" passed="1" failed="0" skipped="0">
  <reporter-output>
  </reporter-output>
  <suite started-at="2022-07-15T15:37:41 IST" name="Default suite" finished-at="2022-07-15T15:37:48 IST" duration-ms="7293">
    <groups>
    </groups>
    <test started-at="2022-07-15T15:37:41 IST" name="Default test" finished-at="2022-07-15T15:37:48 IST" duration-ms="7293">
      <class name="package_01.FB_Login">
        <test-method is-config="true" signature="beforeClass()[pri:0, instance:package_01.FB_Login@e350b40]" started-at="2022-07-15T15:37:41 IST" name="beforeClass" finished-at="2022-07-15T15:37:48 IST" duration-ms="7041" status="PASS">
          <reporter-output>
          </reporter-output>
        </test-method> <!-- beforeClass -->
        <test-method signature="f()[pri:0, instance:package_01.FB_Login@e350b40]" started-at="2022-07-15T15:37:48 IST" name="f" finished-at="2022-07-15T15:37:48 IST" duration-ms="212" status="PASS">
          <reporter-output>
          </reporter-output>
        </test-method> <!-- f -->
        <test-method is-config="true" signature="afterClass()[pri:0, instance:package_01.FB_Login@e350b40]" started-at="2022-07-15T15:37:48 IST" name="afterClass" finished-at="2022-07-15T15:37:48 IST" duration-ms="0" status="PASS">
          <reporter-output>
          </reporter-output>
        </test-method> <!-- afterClass -->
      </class> <!-- package_01.FB_Login -->
    </test> <!-- Default test -->
  </suite> <!-- Default suite -->
</testng-results>
